<?xml version="1.0" encoding="UTF-8"?>
<!-- Generated by org.testng.reporters.JUnitReportReporter -->
<testsuite hostname="HP-HP" name="selenium_Test.PlayTest" tests="3" failures="0" timestamp="13 Jun 2014 07:56:41 GMT" time="100.351" errors="0">
  <testcase name="test3" time="31.923" classname="selenium_Test.PlayTest"/>
  <testcase name="test2" time="31.592" classname="selenium_Test.PlayTest"/>
  <testcase name="test1" time="36.836" classname="selenium_Test.PlayTest"/>
</testsuite> <!-- selenium_Test.PlayTest -->
