<?xml version="1.0" encoding="UTF-8"?>
<!-- Generated by org.testng.reporters.JUnitReportReporter -->
<testsuite hostname="HP-HP" name="selenium_Test.PasswordInputTest" tests="4" failures="0" timestamp="13 Jun 2014 08:45:40 GMT" time="34.111" errors="0">
  <testcase name="test1" time="8.805" classname="selenium_Test.PasswordInputTest"/>
  <testcase name="test1" time="6.791" classname="selenium_Test.PasswordInputTest"/>
  <testcase name="test1" time="7.621" classname="selenium_Test.PasswordInputTest"/>
  <testcase name="test1" time="10.894" classname="selenium_Test.PasswordInputTest"/>
</testsuite> <!-- selenium_Test.PasswordInputTest -->
