<?xml version="1.0" encoding="UTF-8"?>
<!-- Generated by org.testng.reporters.JUnitReportReporter -->
<testsuite hostname="Zeng" name="selenium_Test.LoginTest" tests="9" failures="0" timestamp="12 Jun 2014 16:01:05 GMT" time="122.128" errors="0">
  <testcase name="test1" time="12.951" classname="selenium_Test.LoginTest"/>
  <testcase name="test1" time="12.403" classname="selenium_Test.LoginTest"/>
  <testcase name="test1" time="12.630" classname="selenium_Test.LoginTest"/>
  <testcase name="test1" time="12.524" classname="selenium_Test.LoginTest"/>
  <testcase name="test1" time="14.880" classname="selenium_Test.LoginTest"/>
  <testcase name="test1" time="13.831" classname="selenium_Test.LoginTest"/>
  <testcase name="test1" time="13.296" classname="selenium_Test.LoginTest"/>
  <testcase name="test1" time="14.833" classname="selenium_Test.LoginTest"/>
  <testcase name="test1" time="14.780" classname="selenium_Test.LoginTest"/>
</testsuite> <!-- selenium_Test.LoginTest -->
