<?xml version="1.0" encoding="UTF-8"?>
<!-- Generated by org.testng.reporters.JUnitReportReporter -->
<testsuite hostname="HP-HP" name="selenium_Test.LoginTest" tests="9" failures="0" timestamp="12 Jun 2014 14:22:51 GMT" time="89.364" errors="0">
  <testcase name="test1" time="9.288" classname="selenium_Test.LoginTest"/>
  <testcase name="test1" time="9.093" classname="selenium_Test.LoginTest"/>
  <testcase name="test1" time="12.921" classname="selenium_Test.LoginTest"/>
  <testcase name="test1" time="9.287" classname="selenium_Test.LoginTest"/>
  <testcase name="test1" time="9.800" classname="selenium_Test.LoginTest"/>
  <testcase name="test1" time="10.560" classname="selenium_Test.LoginTest"/>
  <testcase name="test1" time="9.879" classname="selenium_Test.LoginTest"/>
  <testcase name="test1" time="9.251" classname="selenium_Test.LoginTest"/>
  <testcase name="test1" time="9.285" classname="selenium_Test.LoginTest"/>
</testsuite> <!-- selenium_Test.LoginTest -->
