<?xml version="1.0" encoding="UTF-8"?>
<!-- Generated by org.testng.reporters.JUnitReportReporter -->
<testsuite hostname="HP-HP" name="selenium_Test.LoginTest" tests="9" failures="0" timestamp="12 Jun 2014 02:18:25 GMT" time="57.608" errors="0">
  <testcase name="test1" time="6.347" classname="selenium_Test.LoginTest"/>
  <testcase name="test1" time="6.222" classname="selenium_Test.LoginTest"/>
  <testcase name="test1" time="5.983" classname="selenium_Test.LoginTest"/>
  <testcase name="test1" time="7.130" classname="selenium_Test.LoginTest"/>
  <testcase name="test1" time="5.719" classname="selenium_Test.LoginTest"/>
  <testcase name="test1" time="5.870" classname="selenium_Test.LoginTest"/>
  <testcase name="test1" time="8.307" classname="selenium_Test.LoginTest"/>
  <testcase name="test1" time="6.228" classname="selenium_Test.LoginTest"/>
  <testcase name="test1" time="5.802" classname="selenium_Test.LoginTest"/>
</testsuite> <!-- selenium_Test.LoginTest -->
